c:\workspace\programming\c\c_lesson_1\c_lesson\c_lesson\debug\c_lesson.pch
c:\workspace\programming\c\c_lesson_1\c_lesson\c_lesson\debug\vc141.pdb
c:\workspace\programming\c\c_lesson_1\c_lesson\c_lesson\debug\vc141.idb
c:\workspace\programming\c\c_lesson_1\c_lesson\c_lesson\debug\stdafx.obj
c:\workspace\programming\c\c_lesson_1\c_lesson\c_lesson\debug\c_lesson.obj
c:\workspace\programming\c\c_lesson_1\c_lesson\debug\c_lesson.exe
c:\workspace\programming\c\c_lesson_1\c_lesson\debug\c_lesson.ilk
c:\workspace\programming\c\c_lesson_1\c_lesson\debug\c_lesson.pdb
c:\workspace\codelinesstatics\codelinesstatics\c_lesson\debug\c_lesson.obj
c:\workspace\codelinesstatics\codelinesstatics\c_lesson\debug\stdafx.obj
c:\workspace\codelinesstatics\codelinesstatics\c_lesson\debug\c_lesson.pch
c:\workspace\codelinesstatics\codelinesstatics\c_lesson\debug\vc141.idb
c:\workspace\codelinesstatics\codelinesstatics\c_lesson\debug\vc141.pdb
c:\workspace\codelinesstatics\codelinesstatics\debug\c_lesson.pdb
c:\workspace\codelinesstatics\codelinesstatics\debug\c_lesson.exe
c:\workspace\codelinesstatics\codelinesstatics\debug\c_lesson.ilk
c:\workspace\codelinesstatics\codelinesstatics\c_lesson\debug\c_lesson.tlog\cl.command.1.tlog
c:\workspace\codelinesstatics\codelinesstatics\c_lesson\debug\c_lesson.tlog\cl.read.1.tlog
c:\workspace\codelinesstatics\codelinesstatics\c_lesson\debug\c_lesson.tlog\cl.write.1.tlog
c:\workspace\codelinesstatics\codelinesstatics\c_lesson\debug\c_lesson.tlog\link.command.1.tlog
c:\workspace\codelinesstatics\codelinesstatics\c_lesson\debug\c_lesson.tlog\link.read.1.tlog
c:\workspace\codelinesstatics\codelinesstatics\c_lesson\debug\c_lesson.tlog\link.write.1.tlog
